<?xml version="1.0" encoding="UTF-8"?>
<!-- Generated by org.testng.reporters.JUnitXMLReporter -->
<testsuite hostname="DESKTOP-8J78PJ9" name="Default test" tests="4" failures="0" timestamp="6 May 2019 18:17:09 GMT" time="42.547" errors="0">
  <testcase name="dataDrivenTest" time="10.38" classname="com.DataDrivenTest.DDFExample"/>
  <testcase name="dataDrivenTest" time="9.424" classname="com.DataDrivenTest.DDFExample"/>
  <testcase name="dataDrivenTest" time="9.239" classname="com.DataDrivenTest.DDFExample"/>
  <testcase name="dataDrivenTest" time="9.374" classname="com.DataDrivenTest.DDFExample"/>
</testsuite> <!-- Default test -->
