<?xml version="1.0" encoding="UTF-8"?>
<testng-results skipped="0" failed="0" total="4" passed="4">
  <reporter-output>
  </reporter-output>
  <suite name="Default suite" duration-ms="42547" started-at="2019-05-06T18:16:27Z" finished-at="2019-05-06T18:17:09Z">
    <groups>
    </groups>
    <test name="Default test" duration-ms="42547" started-at="2019-05-06T18:16:27Z" finished-at="2019-05-06T18:17:09Z">
      <class name="com.DataDrivenTest.DDFExample">
        <test-method status="PASS" signature="dataDrivenTest(java.lang.String, java.lang.String)[pri:0, instance:com.DataDrivenTest.DDFExample@1b604f19]" name="dataDrivenTest" duration-ms="10380" started-at="2019-05-06T11:16:28Z" data-provider="testDataToInsert" finished-at="2019-05-06T11:16:38Z">
          <params>
            <param index="0">
              <value>
                <![CDATA[test]]>
              </value>
            </param>
            <param index="1">
              <value>
                <![CDATA[test]]>
              </value>
            </param>
          </params>
          <reporter-output>
          </reporter-output>
        </test-method> <!-- dataDrivenTest -->
        <test-method status="PASS" signature="tearDown()[pri:0, instance:com.DataDrivenTest.DDFExample@1b604f19]" name="tearDown" is-config="true" duration-ms="745" started-at="2019-05-06T11:16:38Z" finished-at="2019-05-06T11:16:39Z">
          <reporter-output>
          </reporter-output>
        </test-method> <!-- tearDown -->
        <test-method status="PASS" signature="dataDrivenTest(java.lang.String, java.lang.String)[pri:0, instance:com.DataDrivenTest.DDFExample@1b604f19]" name="dataDrivenTest" duration-ms="9424" started-at="2019-05-06T11:16:39Z" data-provider="testDataToInsert" finished-at="2019-05-06T11:16:48Z">
          <params>
            <param index="0">
              <value>
                <![CDATA[divya]]>
              </value>
            </param>
            <param index="1">
              <value>
                <![CDATA[divya]]>
              </value>
            </param>
          </params>
          <reporter-output>
          </reporter-output>
        </test-method> <!-- dataDrivenTest -->
        <test-method status="PASS" signature="tearDown()[pri:0, instance:com.DataDrivenTest.DDFExample@1b604f19]" name="tearDown" is-config="true" duration-ms="730" started-at="2019-05-06T11:16:48Z" finished-at="2019-05-06T11:16:49Z">
          <reporter-output>
          </reporter-output>
        </test-method> <!-- tearDown -->
        <test-method status="PASS" signature="dataDrivenTest(java.lang.String, java.lang.String)[pri:0, instance:com.DataDrivenTest.DDFExample@1b604f19]" name="dataDrivenTest" duration-ms="9239" started-at="2019-05-06T11:16:49Z" data-provider="testDataToInsert" finished-at="2019-05-06T11:16:58Z">
          <params>
            <param index="0">
              <value>
                <![CDATA[admin]]>
              </value>
            </param>
            <param index="1">
              <value>
                <![CDATA[admin]]>
              </value>
            </param>
          </params>
          <reporter-output>
          </reporter-output>
        </test-method> <!-- dataDrivenTest -->
        <test-method status="PASS" signature="tearDown()[pri:0, instance:com.DataDrivenTest.DDFExample@1b604f19]" name="tearDown" is-config="true" duration-ms="725" started-at="2019-05-06T11:16:58Z" finished-at="2019-05-06T11:16:59Z">
          <reporter-output>
          </reporter-output>
        </test-method> <!-- tearDown -->
        <test-method status="PASS" signature="dataDrivenTest(java.lang.String, java.lang.String)[pri:0, instance:com.DataDrivenTest.DDFExample@1b604f19]" name="dataDrivenTest" duration-ms="9374" started-at="2019-05-06T11:16:59Z" data-provider="testDataToInsert" finished-at="2019-05-06T11:17:08Z">
          <params>
            <param index="0">
              <value>
                <![CDATA[admin]]>
              </value>
            </param>
            <param index="1">
              <value>
                <![CDATA[admin]]>
              </value>
            </param>
          </params>
          <reporter-output>
          </reporter-output>
        </test-method> <!-- dataDrivenTest -->
        <test-method status="PASS" signature="tearDown()[pri:0, instance:com.DataDrivenTest.DDFExample@1b604f19]" name="tearDown" is-config="true" duration-ms="1078" started-at="2019-05-06T11:17:08Z" finished-at="2019-05-06T11:17:09Z">
          <reporter-output>
          </reporter-output>
        </test-method> <!-- tearDown -->
      </class> <!-- com.DataDrivenTest.DDFExample -->
    </test> <!-- Default test -->
  </suite> <!-- Default suite -->
</testng-results>
